TN:
SF:src\greeting.js
FN:1,getGreeting
FNF:1
FNH:1
FNDA:51,getGreeting
DA:2,51
DA:4,51
DA:5,32
DA:7,32
DA:10,19
DA:13,3
LF:6
LH:6
BRDA:4,0,0,32
BRDA:4,0,1,19
BRF:2
BRH:2
end_of_record
TN:
SF:src\server.js
FN:7,(anonymous_0)
FN:13,(anonymous_1)
FN:20,(anonymous_2)
FNF:3
FNH:2
FNDA:17,(anonymous_0)
FNDA:17,(anonymous_1)
FNDA:0,(anonymous_2)
DA:1,2
DA:2,2
DA:4,2
DA:5,2
DA:7,2
DA:8,17
DA:10,17
DA:13,2
DA:14,17
DA:16,17
DA:19,2
DA:20,0
DA:21,0
DA:25,2
LF:14
LH:12
BRDA:5,0,0,2
BRDA:5,0,1,2
BRDA:19,1,0,0
BRDA:19,1,1,2
BRF:4
BRH:3
end_of_record
